<?xml version="1.0" encoding="UTF-8"?>
<testsuite name="com.example.task01.Tests" tests="3" skipped="0" failures="0" errors="0" timestamp="2022-10-13T16:42:00" hostname="DESKTOP-SPSS5I2" time="0.104">
  <properties/>
  <testcase name="testExample" classname="com.example.task01.Tests" time="0.101"/>
  <testcase name="testNPE" classname="com.example.task01.Tests" time="0.002"/>
  <testcase name="testNull" classname="com.example.task01.Tests" time="0.0"/>
  <system-out><![CDATA[]]></system-out>
  <system-err><![CDATA[]]></system-err>
</testsuite>
