<?xml version="1.0" encoding="UTF-8"?>
<testsuite name="com.example.task02.Tests" tests="6" skipped="0" failures="0" errors="0" timestamp="2022-10-13T17:49:41" hostname="DESKTOP-SPSS5I2" time="0.08">
  <properties/>
  <testcase name="testExample1" classname="com.example.task02.Tests" time="0.041"/>
  <testcase name="testExample2" classname="com.example.task02.Tests" time="0.0"/>
  <testcase name="test10" classname="com.example.task02.Tests" time="0.001"/>
  <testcase name="test12" classname="com.example.task02.Tests" time="0.032"/>
  <testcase name="test16" classname="com.example.task02.Tests" time="0.002"/>
  <testcase name="testBounds" classname="com.example.task02.Tests" time="0.002"/>
  <system-out><![CDATA[]]></system-out>
  <system-err><![CDATA[]]></system-err>
</testsuite>
