<?xml version="1.0" encoding="UTF-8"?>
<testsuite name="com.example.task04.Tests" tests="4" skipped="0" failures="0" errors="0" timestamp="2022-10-13T18:59:31" hostname="DESKTOP-SPSS5I2" time="0.048">
  <properties/>
  <testcase name="testExample1" classname="com.example.task04.Tests" time="0.04"/>
  <testcase name="testExample2" classname="com.example.task04.Tests" time="0.002"/>
  <testcase name="testEmpty" classname="com.example.task04.Tests" time="0.0"/>
  <testcase name="testMarshak" classname="com.example.task04.Tests" time="0.005"/>
  <system-out><![CDATA[]]></system-out>
  <system-err><![CDATA[]]></system-err>
</testsuite>
